<?xml version="1.0" encoding="UTF-8"?>
<!-- Generated by org.testng.reporters.JUnitXMLReporter -->
<testsuite hostname="MAVBCP2000" ignored="0" name="Test" tests="2" failures="0" timestamp="2021-06-13T17:06:53 IST" time="0.806" errors="0">
  <testcase name="@BeforeMethod Navigatetoopportunities" time="-1.623584213575E9" classname="salesforceautomation.baseclass">
    <failure type="org.testng.TestNGException" message="
Parameter &amp;apos;username&amp;apos; is required by BeforeMethod on method Navigatetoopportunities but has not been marked @Optional or defined
in C:\Users\anbukarasic\Downloads\eclipse_64bit\BootCamp\retrylistener.xml">
      <![CDATA[org.testng.TestNGException: 
Parameter 'username' is required by BeforeMethod on method Navigatetoopportunities but has not been marked @Optional or defined
in C:\Users\anbukarasic\Downloads\eclipse_64bit\BootCamp\retrylistener.xml
at java.util.ArrayList.forEach(Unknown Source)
... Removed 28 stack frames]]>
    </failure>
  </testcase> <!-- @BeforeMethod Navigatetoopportunities -->
  <testcase name="@AfterMethod Closesalesfore" time="-1.623584213596E9" classname="salesforceautomation.baseclass">
    <skipped/>
  </testcase> <!-- @AfterMethod Closesalesfore -->
  <testcase name="@BeforeMethod Navigatetoopportunities" time="-1.623584213597E9" classname="salesforceautomation.baseclass">
    <skipped/>
  </testcase> <!-- @BeforeMethod Navigatetoopportunities -->
  <testcase name="@AfterMethod Closesalesfore" time="-1.623584213612E9" classname="salesforceautomation.baseclass">
    <skipped/>
  </testcase> <!-- @AfterMethod Closesalesfore -->
  <testcase name="createopp" time="0.0" classname="salesforceautomation.CreateOpportunity">
    <skipped/>
  </testcase> <!-- createopp -->
  <testcase name="createopp" time="0.0" classname="salesforceautomation.CreateOpportunity">
    <skipped/>
  </testcase> <!-- createopp -->
</testsuite> <!-- Test -->
